# JRE version: OpenJDK Runtime Environment (8.0_102-b14) (build 1.8.0_102-b14)
# Java VM: OpenJDK 64-Bit Server VM (25.102-b14 mixed mode linux-amd64 compressed oops)
Heap:
 PSYoungGen      total 279040K, used 193152K [0x00000000d6d80000, 0x00000000f4a00000, 0x0000000100000000)
  eden space 83968K, 0% used [0x00000000d6d80000,0x00000000d6d80000,0x00000000dbf80000)
  from space 195072K, 99% used [0x00000000e8b80000,0x00000000f4820000,0x00000000f4a00000)
  to   space 168960K, 0% used [0x00000000dbf80000,0x00000000dbf80000,0x00000000e6480000)
 ParOldGen       total 553472K, used 380903K [0x0000000084800000, 0x00000000a6480000, 0x00000000d6d80000)
  object space 553472K, 68% used [0x0000000084800000,0x000000009bbf9f90,0x00000000a6480000)
 Metaspace       used 10540K, capacity 10710K, committed 11008K, reserved 1058816K
  class space    used 1179K, capacity 1251K, committed 1280K, reserved 1048576K
GC Heap History (10 events):
Event: 25.564 GC heap after
Heap after GC invocations=10 (full 2):
 PSYoungGen      total 193536K, used 117248K [0x00000000d6d80000, 0x00000000eed00000, 0x0000000100000000)
  eden space 76288K, 0% used [0x00000000d6d80000,0x00000000d6d80000,0x00000000db800000)
  from space 117248K, 100% used [0x00000000e4500000,0x00000000eb780000,0x00000000eb780000)
  to   space 144384K, 0% used [0x00000000db800000,0x00000000db800000,0x00000000e4500000)
 ParOldGen       total 340992K, used 245401K [0x0000000084800000, 0x0000000099500000, 0x00000000d6d80000)
  object space 340992K, 71% used [0x0000000084800000,0x00000000937a6728,0x0000000099500000)
 Metaspace       used 10540K, capacity 10710K, committed 11008K, reserved 1058816K
  class space    used 1179K, capacity 1251K, committed 1280K, reserved 1048576K
}
Event: 28.117 GC heap before
{Heap before GC invocations=11 (full 2):
 PSYoungGen      total 193536K, used 193536K [0x00000000d6d80000, 0x00000000eed00000, 0x0000000100000000)
  eden space 76288K, 100% used [0x00000000d6d80000,0x00000000db800000,0x00000000db800000)
  from space 117248K, 100% used [0x00000000e4500000,0x00000000eb780000,0x00000000eb780000)
  to   space 144384K, 0% used [0x00000000db800000,0x00000000db800000,0x00000000e4500000)
 ParOldGen       total 340992K, used 245401K [0x0000000084800000, 0x0000000099500000, 0x00000000d6d80000)
  object space 340992K, 71% used [0x0000000084800000,0x00000000937a6728,0x0000000099500000)
 Metaspace       used 10540K, capacity 10710K, committed 11008K, reserved 1058816K
  class space    used 1179K, capacity 1251K, committed 1280K, reserved 1048576K
Event: 28.627 GC heap after
Heap after GC invocations=11 (full 2):
 PSYoungGen      total 220672K, used 135296K [0x00000000d6d80000, 0x00000000f0400000, 0x0000000100000000)
  eden space 76288K, 0% used [0x00000000d6d80000,0x00000000d6d80000,0x00000000db800000)
  from space 144384K, 93% used [0x00000000db800000,0x00000000e3c20000,0x00000000e4500000)
  to   space 163328K, 0% used [0x00000000e6480000,0x00000000e6480000,0x00000000f0400000)
 ParOldGen       total 340992K, used 283385K [0x0000000084800000, 0x0000000099500000, 0x00000000d6d80000)
  object space 340992K, 83% used [0x0000000084800000,0x0000000095cbe728,0x0000000099500000)
 Metaspace       used 10540K, capacity 10710K, committed 11008K, reserved 1058816K
  class space    used 1179K, capacity 1251K, committed 1280K, reserved 1048576K
}
Event: 28.627 GC heap before
{Heap before GC invocations=12 (full 3):
 PSYoungGen      total 220672K, used 135296K [0x00000000d6d80000, 0x00000000f0400000, 0x0000000100000000)
  eden space 76288K, 0% used [0x00000000d6d80000,0x00000000d6d80000,0x00000000db800000)
  from space 144384K, 93% used [0x00000000db800000,0x00000000e3c20000,0x00000000e4500000)
  to   space 163328K, 0% used [0x00000000e6480000,0x00000000e6480000,0x00000000f0400000)
 ParOldGen       total 340992K, used 283385K [0x0000000084800000, 0x0000000099500000, 0x00000000d6d80000)
  object space 340992K, 83% used [0x0000000084800000,0x0000000095cbe728,0x0000000099500000)
 Metaspace       used 10540K, capacity 10710K, committed 11008K, reserved 1058816K
  class space    used 1179K, capacity 1251K, committed 1280K, reserved 1048576K
Event: 32.497 GC heap after
Heap after GC invocations=12 (full 3):
 PSYoungGen      total 220672K, used 58357K [0x00000000d6d80000, 0x00000000f0400000, 0x0000000100000000)
  eden space 76288K, 0% used [0x00000000d6d80000,0x00000000d6d80000,0x00000000db800000)
  from space 144384K, 40% used [0x00000000db800000,0x00000000df0fd750,0x00000000e4500000)
  to   space 163328K, 0% used [0x00000000e6480000,0x00000000e6480000,0x00000000f0400000)
 ParOldGen       total 553472K, used 340831K [0x0000000084800000, 0x00000000a6480000, 0x00000000d6d80000)
  object space 553472K, 61% used [0x0000000084800000,0x00000000994d7f90,0x00000000a6480000)
 Metaspace       used 10540K, capacity 10710K, committed 11008K, reserved 1058816K
  class space    used 1179K, capacity 1251K, committed 1280K, reserved 1048576K
}
Event: 35.487 GC heap before
{Heap before GC invocations=13 (full 3):
 PSYoungGen      total 220672K, used 134645K [0x00000000d6d80000, 0x00000000f0400000, 0x0000000100000000)
  eden space 76288K, 100% used [0x00000000d6d80000,0x00000000db800000,0x00000000db800000)
  from space 144384K, 40% used [0x00000000db800000,0x00000000df0fd750,0x00000000e4500000)
  to   space 163328K, 0% used [0x00000000e6480000,0x00000000e6480000,0x00000000f0400000)
 ParOldGen       total 553472K, used 340831K [0x0000000084800000, 0x00000000a6480000, 0x00000000d6d80000)
  object space 553472K, 61% used [0x0000000084800000,0x00000000994d7f90,0x00000000a6480000)
 Metaspace       used 10540K, capacity 10710K, committed 11008K, reserved 1058816K
  class space    used 1179K, capacity 1251K, committed 1280K, reserved 1048576K
Event: 35.984 GC heap after
Heap after GC invocations=13 (full 3):
 PSYoungGen      total 247296K, used 113472K [0x00000000d6d80000, 0x00000000f0e80000, 0x0000000100000000)
  eden space 83968K, 0% used [0x00000000d6d80000,0x00000000d6d80000,0x00000000dbf80000)
  from space 163328K, 69% used [0x00000000e6480000,0x00000000ed350000,0x00000000f0400000)
  to   space 168960K, 0% used [0x00000000dbf80000,0x00000000dbf80000,0x00000000e6480000)
 ParOldGen       total 553472K, used 340831K [0x0000000084800000, 0x00000000a6480000, 0x00000000d6d80000)
  object space 553472K, 61% used [0x0000000084800000,0x00000000994d7f90,0x00000000a6480000)
 Metaspace       used 10540K, capacity 10710K, committed 11008K, reserved 1058816K
  class space    used 1179K, capacity 1251K, committed 1280K, reserved 1048576K
}
Event: 39.601 GC heap before
{Heap before GC invocations=14 (full 3):
 PSYoungGen      total 247296K, used 197440K [0x00000000d6d80000, 0x00000000f0e80000, 0x0000000100000000)
  eden space 83968K, 100% used [0x00000000d6d80000,0x00000000dbf80000,0x00000000dbf80000)
  from space 163328K, 69% used [0x00000000e6480000,0x00000000ed350000,0x00000000f0400000)
  to   space 168960K, 0% used [0x00000000dbf80000,0x00000000dbf80000,0x00000000e6480000)
 ParOldGen       total 553472K, used 340831K [0x0000000084800000, 0x00000000a6480000, 0x00000000d6d80000)
  object space 553472K, 61% used [0x0000000084800000,0x00000000994d7f90,0x00000000a6480000)
 Metaspace       used 10540K, capacity 10710K, committed 11008K, reserved 1058816K
  class space    used 1179K, capacity 1251K, committed 1280K, reserved 1048576K
Event: 39.948 GC heap after
Heap after GC invocations=14 (full 3):
 PSYoungGen      total 252928K, used 168960K [0x00000000d6d80000, 0x00000000f4a00000, 0x0000000100000000)
  eden space 83968K, 0% used [0x00000000d6d80000,0x00000000d6d80000,0x00000000dbf80000)
  from space 168960K, 100% used [0x00000000dbf80000,0x00000000e6480000,0x00000000e6480000)
  to   space 195072K, 0% used [0x00000000e8b80000,0x00000000e8b80000,0x00000000f4a00000)
 ParOldGen       total 553472K, used 343895K [0x0000000084800000, 0x00000000a6480000, 0x00000000d6d80000)
  object space 553472K, 62% used [0x0000000084800000,0x00000000997d5f90,0x00000000a6480000)
 Metaspace       used 10540K, capacity 10710K, committed 11008K, reserved 1058816K
  class space    used 1179K, capacity 1251K, committed 1280K, reserved 1048576K
}
Event: 43.114 GC heap before
{Heap before GC invocations=15 (full 3):
 PSYoungGen      total 252928K, used 252928K [0x00000000d6d80000, 0x00000000f4a00000, 0x0000000100000000)
  eden space 83968K, 100% used [0x00000000d6d80000,0x00000000dbf80000,0x00000000dbf80000)
  from space 168960K, 100% used [0x00000000dbf80000,0x00000000e6480000,0x00000000e6480000)
  to   space 195072K, 0% used [0x00000000e8b80000,0x00000000e8b80000,0x00000000f4a00000)
 ParOldGen       total 553472K, used 343895K [0x0000000084800000, 0x00000000a6480000, 0x00000000d6d80000)
  object space 553472K, 62% used [0x0000000084800000,0x00000000997d5f90,0x00000000a6480000)
 Metaspace       used 10540K, capacity 10710K, committed 11008K, reserved 1058816K
  class space    used 1179K, capacity 1251K, committed 1280K, reserved 1048576K

