# JRE version: OpenJDK Runtime Environment (8.0_102-b14) (build 1.8.0_102-b14)
# Java VM: OpenJDK 64-Bit Server VM (25.102-b14 mixed mode linux-amd64 compressed oops)
Heap:
 PSYoungGen      total 331264K, used 0K [0x00000000d6d80000, 0x00000000fa100000, 0x0000000100000000)
  eden space 106496K, 0% used [0x00000000d6d80000,0x00000000d6d80000,0x00000000dd580000)
  from space 224768K, 0% used [0x00000000dd580000,0x00000000dd580000,0x00000000eb100000)
  to   space 224768K, 0% used [0x00000000ec580000,0x00000000ec580000,0x00000000fa100000)
 ParOldGen       total 817664K, used 797823K [0x0000000084800000, 0x00000000b6680000, 0x00000000d6d80000)
  object space 817664K, 97% used [0x0000000084800000,0x00000000b531fd08,0x00000000b6680000)
 Metaspace       used 10545K, capacity 10710K, committed 11008K, reserved 1058816K
  class space    used 1179K, capacity 1251K, committed 1280K, reserved 1048576K
GC Heap History (10 events):
Event: 39.823 GC heap after
Heap after GC invocations=15 (full 3):
 PSYoungGen      total 309760K, used 203808K [0x00000000d6d80000, 0x00000000f8080000, 0x0000000100000000)
  eden space 89600K, 0% used [0x00000000d6d80000,0x00000000d6d80000,0x00000000dc500000)
  from space 220160K, 92% used [0x00000000ea080000,0x00000000f6788000,0x00000000f7780000)
  to   space 224768K, 0% used [0x00000000dc500000,0x00000000dc500000,0x00000000ea080000)
 ParOldGen       total 529408K, used 415267K [0x0000000084800000, 0x00000000a4d00000, 0x00000000d6d80000)
  object space 529408K, 78% used [0x0000000084800000,0x000000009dd88f20,0x00000000a4d00000)
 Metaspace       used 10545K, capacity 10710K, committed 11008K, reserved 1058816K
  class space    used 1179K, capacity 1251K, committed 1280K, reserved 1048576K
}
Event: 43.030 GC heap before
{Heap before GC invocations=16 (full 3):
 PSYoungGen      total 309760K, used 293408K [0x00000000d6d80000, 0x00000000f8080000, 0x0000000100000000)
  eden space 89600K, 100% used [0x00000000d6d80000,0x00000000dc500000,0x00000000dc500000)
  from space 220160K, 92% used [0x00000000ea080000,0x00000000f6788000,0x00000000f7780000)
  to   space 224768K, 0% used [0x00000000dc500000,0x00000000dc500000,0x00000000ea080000)
 ParOldGen       total 529408K, used 415267K [0x0000000084800000, 0x00000000a4d00000, 0x00000000d6d80000)
  object space 529408K, 78% used [0x0000000084800000,0x000000009dd88f20,0x00000000a4d00000)
 Metaspace       used 10545K, capacity 10710K, committed 11008K, reserved 1058816K
  class space    used 1179K, capacity 1251K, committed 1280K, reserved 1048576K
Event: 43.873 GC heap after
Heap after GC invocations=16 (full 3):
 PSYoungGen      total 314368K, used 145856K [0x00000000d6d80000, 0x00000000f8f80000, 0x0000000100000000)
  eden space 89600K, 0% used [0x00000000d6d80000,0x00000000d6d80000,0x00000000dc500000)
  from space 224768K, 64% used [0x00000000dc500000,0x00000000e5370000,0x00000000ea080000)
  to   space 224768K, 0% used [0x00000000eb400000,0x00000000eb400000,0x00000000f8f80000)
 ParOldGen       total 540672K, used 540211K [0x0000000084800000, 0x00000000a5800000, 0x00000000d6d80000)
  object space 540672K, 99% used [0x0000000084800000,0x00000000a578cf20,0x00000000a5800000)
 Metaspace       used 10545K, capacity 10710K, committed 11008K, reserved 1058816K
  class space    used 1179K, capacity 1251K, committed 1280K, reserved 1048576K
}
Event: 43.873 GC heap before
{Heap before GC invocations=17 (full 4):
 PSYoungGen      total 314368K, used 145856K [0x00000000d6d80000, 0x00000000f8f80000, 0x0000000100000000)
  eden space 89600K, 0% used [0x00000000d6d80000,0x00000000d6d80000,0x00000000dc500000)
  from space 224768K, 64% used [0x00000000dc500000,0x00000000e5370000,0x00000000ea080000)
  to   space 224768K, 0% used [0x00000000eb400000,0x00000000eb400000,0x00000000f8f80000)
 ParOldGen       total 540672K, used 540211K [0x0000000084800000, 0x00000000a5800000, 0x00000000d6d80000)
  object space 540672K, 99% used [0x0000000084800000,0x00000000a578cf20,0x00000000a5800000)
 Metaspace       used 10545K, capacity 10710K, committed 11008K, reserved 1058816K
  class space    used 1179K, capacity 1251K, committed 1280K, reserved 1048576K
Event: 52.921 GC heap after
Heap after GC invocations=17 (full 4):
 PSYoungGen      total 314368K, used 124138K [0x00000000d6d80000, 0x00000000f8f80000, 0x0000000100000000)
  eden space 89600K, 0% used [0x00000000d6d80000,0x00000000d6d80000,0x00000000dc500000)
  from space 224768K, 55% used [0x00000000dc500000,0x00000000e3e3aa50,0x00000000ea080000)
  to   space 224768K, 0% used [0x00000000eb400000,0x00000000eb400000,0x00000000f8f80000)
 ParOldGen       total 817664K, used 540442K [0x0000000084800000, 0x00000000b6680000, 0x00000000d6d80000)
  object space 817664K, 66% used [0x0000000084800000,0x00000000a57c6a20,0x00000000b6680000)
 Metaspace       used 10545K, capacity 10710K, committed 11008K, reserved 1058816K
  class space    used 1179K, capacity 1251K, committed 1280K, reserved 1048576K
}
Event: 55.387 GC heap before
{Heap before GC invocations=18 (full 4):
 PSYoungGen      total 314368K, used 213738K [0x00000000d6d80000, 0x00000000f8f80000, 0x0000000100000000)
  eden space 89600K, 100% used [0x00000000d6d80000,0x00000000dc500000,0x00000000dc500000)
  from space 224768K, 55% used [0x00000000dc500000,0x00000000e3e3aa50,0x00000000ea080000)
  to   space 224768K, 0% used [0x00000000eb400000,0x00000000eb400000,0x00000000f8f80000)
 ParOldGen       total 817664K, used 540442K [0x0000000084800000, 0x00000000b6680000, 0x00000000d6d80000)
  object space 817664K, 66% used [0x0000000084800000,0x00000000a57c6a20,0x00000000b6680000)
 Metaspace       used 10545K, capacity 10710K, committed 11008K, reserved 1058816K
  class space    used 1179K, capacity 1251K, committed 1280K, reserved 1048576K
Event: 56.035 GC heap after
Heap after GC invocations=18 (full 4):
 PSYoungGen      total 328192K, used 130912K [0x00000000d6d80000, 0x00000000f8c80000, 0x0000000100000000)
  eden space 106496K, 0% used [0x00000000d6d80000,0x00000000d6d80000,0x00000000dd580000)
  from space 221696K, 59% used [0x00000000eb400000,0x00000000f33d8000,0x00000000f8c80000)
  to   space 224768K, 0% used [0x00000000dd580000,0x00000000dd580000,0x00000000eb100000)
 ParOldGen       total 817664K, used 598554K [0x0000000084800000, 0x00000000b6680000, 0x00000000d6d80000)
  object space 817664K, 73% used [0x0000000084800000,0x00000000a9086a20,0x00000000b6680000)
 Metaspace       used 10545K, capacity 10710K, committed 11008K, reserved 1058816K
  class space    used 1179K, capacity 1251K, committed 1280K, reserved 1048576K
}
Event: 58.140 GC heap before
{Heap before GC invocations=19 (full 4):
 PSYoungGen      total 328192K, used 237408K [0x00000000d6d80000, 0x00000000f8c80000, 0x0000000100000000)
  eden space 106496K, 100% used [0x00000000d6d80000,0x00000000dd580000,0x00000000dd580000)
  from space 221696K, 59% used [0x00000000eb400000,0x00000000f33d8000,0x00000000f8c80000)
  to   space 224768K, 0% used [0x00000000dd580000,0x00000000dd580000,0x00000000eb100000)
 ParOldGen       total 817664K, used 598554K [0x0000000084800000, 0x00000000b6680000, 0x00000000d6d80000)
  object space 817664K, 73% used [0x0000000084800000,0x00000000a9086a20,0x00000000b6680000)
 Metaspace       used 10545K, capacity 10710K, committed 11008K, reserved 1058816K
  class space    used 1179K, capacity 1251K, committed 1280K, reserved 1048576K
Event: 58.540 GC heap after
Heap after GC invocations=19 (full 4):
 PSYoungGen      total 331264K, used 78720K [0x00000000d6d80000, 0x00000000fa100000, 0x0000000100000000)
  eden space 106496K, 0% used [0x00000000d6d80000,0x00000000d6d80000,0x00000000dd580000)
  from space 224768K, 35% used [0x00000000dd580000,0x00000000e2260000,0x00000000eb100000)
  to   space 224768K, 0% used [0x00000000ec580000,0x00000000ec580000,0x00000000fa100000)
 ParOldGen       total 817664K, used 729938K [0x0000000084800000, 0x00000000b6680000, 0x00000000d6d80000)
  object space 817664K, 89% used [0x0000000084800000,0x00000000b10d4a20,0x00000000b6680000)
 Metaspace       used 10545K, capacity 10710K, committed 11008K, reserved 1058816K
  class space    used 1179K, capacity 1251K, committed 1280K, reserved 1048576K
}
Event: 58.540 GC heap before
{Heap before GC invocations=20 (full 5):
 PSYoungGen      total 331264K, used 78720K [0x00000000d6d80000, 0x00000000fa100000, 0x0000000100000000)
  eden space 106496K, 0% used [0x00000000d6d80000,0x00000000d6d80000,0x00000000dd580000)
  from space 224768K, 35% used [0x00000000dd580000,0x00000000e2260000,0x00000000eb100000)
  to   space 224768K, 0% used [0x00000000ec580000,0x00000000ec580000,0x00000000fa100000)
 ParOldGen       total 817664K, used 729938K [0x0000000084800000, 0x00000000b6680000, 0x00000000d6d80000)
  object space 817664K, 89% used [0x0000000084800000,0x00000000b10d4a20,0x00000000b6680000)
 Metaspace       used 10545K, capacity 10710K, committed 11008K, reserved 1058816K
  class space    used 1179K, capacity 1251K, committed 1280K, reserved 1048576K

